<?xml version="1.0" encoding="UTF-8"?>
<testng-results ignored="0" total="1" passed="1" failed="0" skipped="0">
  <reporter-output>
    <line>
      <![CDATA[launching browser]]>
    </line>
    <line>
      <![CDATA[waiting...]]>
    </line>
    <line>
      <![CDATA[validateBanners TC execution started]]>
    </line>
  </reporter-output>
  <suite started-at="2024-08-13T01:24:40 IST" name="Suite" finished-at="2024-08-13T01:25:01 IST" duration-ms="20345">
    <groups>
    </groups>
    <test started-at="2024-08-13T01:24:40 IST" name="Test" finished-at="2024-08-13T01:25:01 IST" duration-ms="20345">
      <class name="coverFoxTestStudy.CoverFoxTC_POM_EXCEL">
        <test-method is-config="true" signature="launchBrowser()[pri:0, instance:coverFoxTestStudy.CoverFoxTC_POM_EXCEL@436813f3]" started-at="2024-08-13T01:24:40 IST" name="launchBrowser" finished-at="2024-08-13T01:24:47 IST" duration-ms="6667" status="PASS">
          <reporter-output>
            <line>
              <![CDATA[launching browser]]>
            </line>
            <line>
              <![CDATA[waiting...]]>
            </line>
          </reporter-output>
        </test-method> <!-- launchBrowser -->
        <test-method is-config="true" signature="preConditions()[pri:0, instance:coverFoxTestStudy.CoverFoxTC_POM_EXCEL@436813f3]" started-at="2024-08-13T01:24:47 IST" name="preConditions" finished-at="2024-08-13T01:24:55 IST" duration-ms="7899" status="PASS">
          <reporter-output>
          </reporter-output>
        </test-method> <!-- preConditions -->
        <test-method signature="validateBanners()[pri:0, instance:coverFoxTestStudy.CoverFoxTC_POM_EXCEL@436813f3]" started-at="2024-08-13T01:24:55 IST" name="validateBanners" finished-at="2024-08-13T01:24:59 IST" duration-ms="4191" status="PASS">
          <reporter-output>
            <line>
              <![CDATA[validateBanners TC execution started]]>
            </line>
          </reporter-output>
        </test-method> <!-- validateBanners -->
        <test-method is-config="true" signature="closeBrowser()[pri:0, instance:coverFoxTestStudy.CoverFoxTC_POM_EXCEL@436813f3]" started-at="2024-08-13T01:24:59 IST" name="closeBrowser" finished-at="2024-08-13T01:25:01 IST" duration-ms="1514" status="PASS">
          <reporter-output>
          </reporter-output>
        </test-method> <!-- closeBrowser -->
      </class> <!-- coverFoxTestStudy.CoverFoxTC_POM_EXCEL -->
    </test> <!-- Test -->
  </suite> <!-- Suite -->
</testng-results>
